<?xml version="1.0" encoding="UTF-8" ?>
<testsuite failures="0" time="14.993" errors="0" skipped="0" tests="2" name="TestSuite">
  <properties>
    <property name="java.runtime.name" value="Java(TM) SE Runtime Environment"/>
    <property name="sun.boot.library.path" value="C:\Progra~1\Java\jdk1.7.0\jre\bin"/>
    <property name="java.vm.version" value="21.0-b17"/>
    <property name="user.country.format" value="PL"/>
    <property name="java.vm.vendor" value="Oracle Corporation"/>
    <property name="java.vendor.url" value="http://java.oracle.com/"/>
    <property name="path.separator" value=";"/>
    <property name="java.vm.name" value="Java HotSpot(TM) 64-Bit Server VM"/>
    <property name="file.encoding.pkg" value="sun.io"/>
    <property name="user.script" value=""/>
    <property name="user.country" value="US"/>
    <property name="sun.java.launcher" value="SUN_STANDARD"/>
    <property name="sun.os.patch.level" value="Service Pack 1"/>
    <property name="java.vm.specification.name" value="Java Virtual Machine Specification"/>
    <property name="user.dir" value="G:\testing\getbase-simple"/>
    <property name="java.runtime.version" value="1.7.0-b147"/>
    <property name="java.awt.graphicsenv" value="sun.awt.Win32GraphicsEnvironment"/>
    <property name="basedir" value="G:\testing\getbase-simple"/>
    <property name="java.endorsed.dirs" value="C:\Progra~1\Java\jdk1.7.0\jre\lib\endorsed"/>
    <property name="os.arch" value="amd64"/>
    <property name="surefire.real.class.path" value="G:\testing\getbase-simple\target\surefire\surefirebooter704739111018009469.jar"/>
    <property name="java.io.tmpdir" value="g:\temp\"/>
    <property name="line.separator" value="
"/>
    <property name="java.vm.specification.vendor" value="Oracle Corporation"/>
    <property name="user.variant" value=""/>
    <property name="os.name" value="Windows 7"/>
    <property name="sun.jnu.encoding" value="Cp1250"/>
    <property name="java.library.path" value="C:\Progra~1\Java\jdk1.7.0\jre\bin;C:\Windows\Sun\Java\bin;C:\Windows\system32;C:\Windows;C:\Program Files (x86)\AMD APP\bin\x86_64;C:\Program Files (x86)\AMD APP\bin\x86;C:\Windows\system32;C:\Windows;C:\Windows\System32\Wbem;C:\Windows\System32\WindowsPowerShell\v1.0\;C:\Program Files (x86)\Calibre2\;C:\Program Files (x86)\ATI Technologies\ATI.ACE\Core-Static;C:\Program Files (x86)\WinMerge;C:\Program Files\VDownloader;G:\eclipse\maven\bin;."/>
    <property name="surefire.test.class.path" value="G:\testing\getbase-simple\target\test-classes;G:\testing\getbase-simple\target\classes;C:\Users\Administrator\.m2\repository\org\seleniumhq\selenium\selenium-server\2.39.0\selenium-server-2.39.0.jar;C:\Users\Administrator\.m2\repository\org\bouncycastle\bcprov-jdk15on\1.48\bcprov-jdk15on-1.48.jar;C:\Users\Administrator\.m2\repository\org\bouncycastle\bcpkix-jdk15on\1.48\bcpkix-jdk15on-1.48.jar;C:\Users\Administrator\.m2\repository\mx4j\mx4j-tools\3.0.1\mx4j-tools-3.0.1.jar;C:\Users\Administrator\.m2\repository\org\mortbay\jetty\servlet-api-2.5\6.1.9\servlet-api-2.5-6.1.9.jar;C:\Users\Administrator\.m2\repository\org\seleniumhq\selenium\jetty-repacked\7.6.1\jetty-repacked-7.6.1.jar;C:\Users\Administrator\.m2\repository\net\jcip\jcip-annotations\1.0\jcip-annotations-1.0.jar;C:\Users\Administrator\.m2\repository\org\seleniumhq\selenium\selenium-java\2.39.0\selenium-java-2.39.0.jar;C:\Users\Administrator\.m2\repository\org\seleniumhq\selenium\selenium-android-driver\2.39.0\selenium-android-driver-2.39.0.jar;C:\Users\Administrator\.m2\repository\org\seleniumhq\selenium\selenium-remote-driver\2.39.0\selenium-remote-driver-2.39.0.jar;C:\Users\Administrator\.m2\repository\cglib\cglib-nodep\2.1_3\cglib-nodep-2.1_3.jar;C:\Users\Administrator\.m2\repository\org\json\json\20080701\json-20080701.jar;C:\Users\Administrator\.m2\repository\org\seleniumhq\selenium\selenium-chrome-driver\2.39.0\selenium-chrome-driver-2.39.0.jar;C:\Users\Administrator\.m2\repository\org\seleniumhq\selenium\selenium-htmlunit-driver\2.39.0\selenium-htmlunit-driver-2.39.0.jar;C:\Users\Administrator\.m2\repository\net\sourceforge\htmlunit\htmlunit\2.13\htmlunit-2.13.jar;C:\Users\Administrator\.m2\repository\xalan\xalan\2.7.1\xalan-2.7.1.jar;C:\Users\Administrator\.m2\repository\xalan\serializer\2.7.1\serializer-2.7.1.jar;C:\Users\Administrator\.m2\repository\commons-collections\commons-collections\3.2.1\commons-collections-3.2.1.jar;C:\Users\Administrator\.m2\repository\org\apache\commons\commons-lang3\3.1\commons-lang3-3.1.jar;C:\Users\Administrator\.m2\repository\org\apache\httpcomponents\httpmime\4.3.1\httpmime-4.3.1.jar;C:\Users\Administrator\.m2\repository\net\sourceforge\htmlunit\htmlunit-core-js\2.13\htmlunit-core-js-2.13.jar;C:\Users\Administrator\.m2\repository\xerces\xercesImpl\2.11.0\xercesImpl-2.11.0.jar;C:\Users\Administrator\.m2\repository\xml-apis\xml-apis\1.4.01\xml-apis-1.4.01.jar;C:\Users\Administrator\.m2\repository\net\sourceforge\nekohtml\nekohtml\1.9.19\nekohtml-1.9.19.jar;C:\Users\Administrator\.m2\repository\net\sourceforge\cssparser\cssparser\0.9.11\cssparser-0.9.11.jar;C:\Users\Administrator\.m2\repository\org\w3c\css\sac\1.3\sac-1.3.jar;C:\Users\Administrator\.m2\repository\commons-logging\commons-logging\1.1.3\commons-logging-1.1.3.jar;C:\Users\Administrator\.m2\repository\org\eclipse\jetty\jetty-websocket\8.1.12.v20130726\jetty-websocket-8.1.12.v20130726.jar;C:\Users\Administrator\.m2\repository\org\eclipse\jetty\jetty-util\8.1.12.v20130726\jetty-util-8.1.12.v20130726.jar;C:\Users\Administrator\.m2\repository\org\eclipse\jetty\jetty-io\8.1.12.v20130726\jetty-io-8.1.12.v20130726.jar;C:\Users\Administrator\.m2\repository\org\eclipse\jetty\jetty-http\8.1.12.v20130726\jetty-http-8.1.12.v20130726.jar;C:\Users\Administrator\.m2\repository\org\apache\httpcomponents\httpclient\4.3.1\httpclient-4.3.1.jar;C:\Users\Administrator\.m2\repository\org\apache\httpcomponents\httpcore\4.3\httpcore-4.3.jar;C:\Users\Administrator\.m2\repository\org\seleniumhq\selenium\selenium-firefox-driver\2.39.0\selenium-firefox-driver-2.39.0.jar;C:\Users\Administrator\.m2\repository\commons-io\commons-io\2.2\commons-io-2.2.jar;C:\Users\Administrator\.m2\repository\org\seleniumhq\selenium\selenium-ie-driver\2.39.0\selenium-ie-driver-2.39.0.jar;C:\Users\Administrator\.m2\repository\net\java\dev\jna\jna\3.4.0\jna-3.4.0.jar;C:\Users\Administrator\.m2\repository\net\java\dev\jna\platform\3.4.0\platform-3.4.0.jar;C:\Users\Administrator\.m2\repository\org\seleniumhq\selenium\selenium-iphone-driver\2.39.0\selenium-iphone-driver-2.39.0.jar;C:\Users\Administrator\.m2\repository\org\seleniumhq\selenium\selenium-safari-driver\2.39.0\selenium-safari-driver-2.39.0.jar;C:\Users\Administrator\.m2\repository\org\seleniumhq\selenium\selenium-support\2.39.0\selenium-support-2.39.0.jar;C:\Users\Administrator\.m2\repository\org\seleniumhq\selenium\selenium-api\2.39.0\selenium-api-2.39.0.jar;C:\Users\Administrator\.m2\repository\org\webbitserver\webbit\0.4.14\webbit-0.4.14.jar;C:\Users\Administrator\.m2\repository\io\netty\netty\3.5.2.Final\netty-3.5.2.Final.jar;C:\Users\Administrator\.m2\repository\org\yaml\snakeyaml\1.8\snakeyaml-1.8.jar;C:\Users\Administrator\.m2\repository\commons-codec\commons-codec\1.8\commons-codec-1.8.jar;C:\Users\Administrator\.m2\repository\com\opera\operadriver\1.5\operadriver-1.5.jar;C:\Users\Administrator\.m2\repository\com\opera\operalaunchers\1.1\operalaunchers-1.1.jar;C:\Users\Administrator\.m2\repository\com\google\protobuf\protobuf-java\2.4.1\protobuf-java-2.4.1.jar;C:\Users\Administrator\.m2\repository\com\google\guava\guava\14.0\guava-14.0.jar;C:\Users\Administrator\.m2\repository\commons-jxpath\commons-jxpath\1.3\commons-jxpath-1.3.jar;C:\Users\Administrator\.m2\repository\org\apache\commons\commons-exec\1.1\commons-exec-1.1.jar;C:\Users\Administrator\.m2\repository\org\ini4j\ini4j\0.5.2\ini4j-0.5.2.jar;C:\Users\Administrator\.m2\repository\com\github\detro\ghostdriver\phantomjsdriver\1.1.0\phantomjsdriver-1.1.0.jar;C:\Users\Administrator\.m2\repository\org\testng\testng\6.8\testng-6.8.jar;C:\Users\Administrator\.m2\repository\junit\junit\4.10\junit-4.10.jar;C:\Users\Administrator\.m2\repository\org\hamcrest\hamcrest-core\1.1\hamcrest-core-1.1.jar;C:\Users\Administrator\.m2\repository\org\beanshell\bsh\2.0b4\bsh-2.0b4.jar;C:\Users\Administrator\.m2\repository\com\beust\jcommander\1.27\jcommander-1.27.jar;"/>
    <property name="java.specification.name" value="Java Platform API Specification"/>
    <property name="java.class.version" value="51.0"/>
    <property name="sun.management.compiler" value="HotSpot 64-Bit Tiered Compilers"/>
    <property name="os.version" value="6.1"/>
    <property name="user.home" value="C:\Users\Administrator"/>
    <property name="user.timezone" value="Europe/Belgrade"/>
    <property name="java.awt.printerjob" value="sun.awt.windows.WPrinterJob"/>
    <property name="java.specification.version" value="1.7"/>
    <property name="file.encoding" value="Cp1250"/>
    <property name="user.name" value="Administrator"/>
    <property name="java.class.path" value="G:\testing\getbase-simple\target\test-classes;G:\testing\getbase-simple\target\classes;C:\Users\Administrator\.m2\repository\org\seleniumhq\selenium\selenium-server\2.39.0\selenium-server-2.39.0.jar;C:\Users\Administrator\.m2\repository\org\bouncycastle\bcprov-jdk15on\1.48\bcprov-jdk15on-1.48.jar;C:\Users\Administrator\.m2\repository\org\bouncycastle\bcpkix-jdk15on\1.48\bcpkix-jdk15on-1.48.jar;C:\Users\Administrator\.m2\repository\mx4j\mx4j-tools\3.0.1\mx4j-tools-3.0.1.jar;C:\Users\Administrator\.m2\repository\org\mortbay\jetty\servlet-api-2.5\6.1.9\servlet-api-2.5-6.1.9.jar;C:\Users\Administrator\.m2\repository\org\seleniumhq\selenium\jetty-repacked\7.6.1\jetty-repacked-7.6.1.jar;C:\Users\Administrator\.m2\repository\net\jcip\jcip-annotations\1.0\jcip-annotations-1.0.jar;C:\Users\Administrator\.m2\repository\org\seleniumhq\selenium\selenium-java\2.39.0\selenium-java-2.39.0.jar;C:\Users\Administrator\.m2\repository\org\seleniumhq\selenium\selenium-android-driver\2.39.0\selenium-android-driver-2.39.0.jar;C:\Users\Administrator\.m2\repository\org\seleniumhq\selenium\selenium-remote-driver\2.39.0\selenium-remote-driver-2.39.0.jar;C:\Users\Administrator\.m2\repository\cglib\cglib-nodep\2.1_3\cglib-nodep-2.1_3.jar;C:\Users\Administrator\.m2\repository\org\json\json\20080701\json-20080701.jar;C:\Users\Administrator\.m2\repository\org\seleniumhq\selenium\selenium-chrome-driver\2.39.0\selenium-chrome-driver-2.39.0.jar;C:\Users\Administrator\.m2\repository\org\seleniumhq\selenium\selenium-htmlunit-driver\2.39.0\selenium-htmlunit-driver-2.39.0.jar;C:\Users\Administrator\.m2\repository\net\sourceforge\htmlunit\htmlunit\2.13\htmlunit-2.13.jar;C:\Users\Administrator\.m2\repository\xalan\xalan\2.7.1\xalan-2.7.1.jar;C:\Users\Administrator\.m2\repository\xalan\serializer\2.7.1\serializer-2.7.1.jar;C:\Users\Administrator\.m2\repository\commons-collections\commons-collections\3.2.1\commons-collections-3.2.1.jar;C:\Users\Administrator\.m2\repository\org\apache\commons\commons-lang3\3.1\commons-lang3-3.1.jar;C:\Users\Administrator\.m2\repository\org\apache\httpcomponents\httpmime\4.3.1\httpmime-4.3.1.jar;C:\Users\Administrator\.m2\repository\net\sourceforge\htmlunit\htmlunit-core-js\2.13\htmlunit-core-js-2.13.jar;C:\Users\Administrator\.m2\repository\xerces\xercesImpl\2.11.0\xercesImpl-2.11.0.jar;C:\Users\Administrator\.m2\repository\xml-apis\xml-apis\1.4.01\xml-apis-1.4.01.jar;C:\Users\Administrator\.m2\repository\net\sourceforge\nekohtml\nekohtml\1.9.19\nekohtml-1.9.19.jar;C:\Users\Administrator\.m2\repository\net\sourceforge\cssparser\cssparser\0.9.11\cssparser-0.9.11.jar;C:\Users\Administrator\.m2\repository\org\w3c\css\sac\1.3\sac-1.3.jar;C:\Users\Administrator\.m2\repository\commons-logging\commons-logging\1.1.3\commons-logging-1.1.3.jar;C:\Users\Administrator\.m2\repository\org\eclipse\jetty\jetty-websocket\8.1.12.v20130726\jetty-websocket-8.1.12.v20130726.jar;C:\Users\Administrator\.m2\repository\org\eclipse\jetty\jetty-util\8.1.12.v20130726\jetty-util-8.1.12.v20130726.jar;C:\Users\Administrator\.m2\repository\org\eclipse\jetty\jetty-io\8.1.12.v20130726\jetty-io-8.1.12.v20130726.jar;C:\Users\Administrator\.m2\repository\org\eclipse\jetty\jetty-http\8.1.12.v20130726\jetty-http-8.1.12.v20130726.jar;C:\Users\Administrator\.m2\repository\org\apache\httpcomponents\httpclient\4.3.1\httpclient-4.3.1.jar;C:\Users\Administrator\.m2\repository\org\apache\httpcomponents\httpcore\4.3\httpcore-4.3.jar;C:\Users\Administrator\.m2\repository\org\seleniumhq\selenium\selenium-firefox-driver\2.39.0\selenium-firefox-driver-2.39.0.jar;C:\Users\Administrator\.m2\repository\commons-io\commons-io\2.2\commons-io-2.2.jar;C:\Users\Administrator\.m2\repository\org\seleniumhq\selenium\selenium-ie-driver\2.39.0\selenium-ie-driver-2.39.0.jar;C:\Users\Administrator\.m2\repository\net\java\dev\jna\jna\3.4.0\jna-3.4.0.jar;C:\Users\Administrator\.m2\repository\net\java\dev\jna\platform\3.4.0\platform-3.4.0.jar;C:\Users\Administrator\.m2\repository\org\seleniumhq\selenium\selenium-iphone-driver\2.39.0\selenium-iphone-driver-2.39.0.jar;C:\Users\Administrator\.m2\repository\org\seleniumhq\selenium\selenium-safari-driver\2.39.0\selenium-safari-driver-2.39.0.jar;C:\Users\Administrator\.m2\repository\org\seleniumhq\selenium\selenium-support\2.39.0\selenium-support-2.39.0.jar;C:\Users\Administrator\.m2\repository\org\seleniumhq\selenium\selenium-api\2.39.0\selenium-api-2.39.0.jar;C:\Users\Administrator\.m2\repository\org\webbitserver\webbit\0.4.14\webbit-0.4.14.jar;C:\Users\Administrator\.m2\repository\io\netty\netty\3.5.2.Final\netty-3.5.2.Final.jar;C:\Users\Administrator\.m2\repository\org\yaml\snakeyaml\1.8\snakeyaml-1.8.jar;C:\Users\Administrator\.m2\repository\commons-codec\commons-codec\1.8\commons-codec-1.8.jar;C:\Users\Administrator\.m2\repository\com\opera\operadriver\1.5\operadriver-1.5.jar;C:\Users\Administrator\.m2\repository\com\opera\operalaunchers\1.1\operalaunchers-1.1.jar;C:\Users\Administrator\.m2\repository\com\google\protobuf\protobuf-java\2.4.1\protobuf-java-2.4.1.jar;C:\Users\Administrator\.m2\repository\com\google\guava\guava\14.0\guava-14.0.jar;C:\Users\Administrator\.m2\repository\commons-jxpath\commons-jxpath\1.3\commons-jxpath-1.3.jar;C:\Users\Administrator\.m2\repository\org\apache\commons\commons-exec\1.1\commons-exec-1.1.jar;C:\Users\Administrator\.m2\repository\org\ini4j\ini4j\0.5.2\ini4j-0.5.2.jar;C:\Users\Administrator\.m2\repository\com\github\detro\ghostdriver\phantomjsdriver\1.1.0\phantomjsdriver-1.1.0.jar;C:\Users\Administrator\.m2\repository\org\testng\testng\6.8\testng-6.8.jar;C:\Users\Administrator\.m2\repository\junit\junit\4.10\junit-4.10.jar;C:\Users\Administrator\.m2\repository\org\hamcrest\hamcrest-core\1.1\hamcrest-core-1.1.jar;C:\Users\Administrator\.m2\repository\org\beanshell\bsh\2.0b4\bsh-2.0b4.jar;C:\Users\Administrator\.m2\repository\com\beust\jcommander\1.27\jcommander-1.27.jar;"/>
    <property name="java.vm.specification.version" value="1.7"/>
    <property name="sun.arch.data.model" value="64"/>
    <property name="java.home" value="C:\Progra~1\Java\jdk1.7.0\jre"/>
    <property name="sun.java.command" value="G:\testing\getbase-simple\target\surefire\surefirebooter704739111018009469.jar G:\testing\getbase-simple\target\surefire\surefire3518810761128282826tmp G:\testing\getbase-simple\target\surefire\surefire4963875350357892522tmp"/>
    <property name="java.specification.vendor" value="Oracle Corporation"/>
    <property name="user.language" value="en"/>
    <property name="user.language.format" value="pl"/>
    <property name="awt.toolkit" value="sun.awt.windows.WToolkit"/>
    <property name="java.vm.info" value="mixed mode"/>
    <property name="java.version" value="1.7.0"/>
    <property name="java.ext.dirs" value="C:\Progra~1\Java\jdk1.7.0\jre\lib\ext;C:\Windows\Sun\Java\lib\ext"/>
    <property name="sun.boot.class.path" value="C:\Progra~1\Java\jdk1.7.0\jre\lib\resources.jar;C:\Progra~1\Java\jdk1.7.0\jre\lib\rt.jar;C:\Progra~1\Java\jdk1.7.0\jre\lib\sunrsasign.jar;C:\Progra~1\Java\jdk1.7.0\jre\lib\jsse.jar;C:\Progra~1\Java\jdk1.7.0\jre\lib\jce.jar;C:\Progra~1\Java\jdk1.7.0\jre\lib\charsets.jar;C:\Progra~1\Java\jdk1.7.0\jre\classes"/>
    <property name="java.vendor" value="Oracle Corporation"/>
    <property name="localRepository" value="C:\Users\Administrator\.m2\repository"/>
    <property name="file.separator" value="\"/>
    <property name="java.vendor.url.bug" value="http://bugreport.sun.com/bugreport/"/>
    <property name="sun.cpu.endian" value="little"/>
    <property name="sun.io.unicode.encoding" value="UnicodeLittle"/>
    <property name="sun.desktop" value="windows"/>
    <property name="sun.cpu.isalist" value="amd64"/>
  </properties>
  <testcase time="11.704" classname="com.bristen.basecrm.Tests.Selenium2ExampleST" name="googleCheeseExample"/>
  <testcase time="2.491" classname="com.bristen.basecrm.Tests.Selenium2ExampleST" name="googleMilkExample"/>
</testsuite>