<?xml version="1.0" encoding="UTF-8"?>
<!-- Generated by org.testng.reporters.JUnitReportReporter -->
<testsuite hostname="jonesa" name="com.bristen.basecrm.Tests.Selenium2ExampleST" tests="2" failures="0" timestamp="23 Jan 2014 00:04:02 GMT" time="14.219" errors="0">
  <testcase name="googleCheeseExample" time="11.714" classname="com.bristen.basecrm.Tests.Selenium2ExampleST"/>
  <testcase name="googleMilkExample" time="2.505" classname="com.bristen.basecrm.Tests.Selenium2ExampleST"/>
</testsuite> <!-- com.bristen.basecrm.Tests.Selenium2ExampleST -->
