<?xml version="1.0" encoding="UTF-8"?>
<!-- Generated by org.testng.reporters.JUnitReportReporter -->
<testsuite hostname="jonesa" name="com.lazerycode.selenium.Tests.Selenium2ExampleST" tests="2" failures="0" timestamp="22 Jan 2014 23:50:30 GMT" time="15.367" errors="0">
  <testcase name="googleMilkExample" time="2.701" classname="com.lazerycode.selenium.Tests.Selenium2ExampleST"/>
  <testcase name="googleCheeseExample" time="12.666" classname="com.lazerycode.selenium.Tests.Selenium2ExampleST"/>
</testsuite> <!-- com.lazerycode.selenium.Tests.Selenium2ExampleST -->
